app/build/intermediates/manifest_merge_blame_file/debug/manifest-merger-blame-debug-report.txt
1<?xml version="1.0" encoding="utf-8"?>
2<manifest xmlns:android="http://schemas.android.com/apk/res/android"
3    package="product.truckkz"
4    android:versionCode="1"
5    android:versionName="1.0" >
6
7    <uses-sdk
8        android:minSdkVersion="21"
8-->src/main/AndroidManifest.xml
9        android:targetSdkVersion="33" />
9-->src/main/AndroidManifest.xml
10
11    <uses-permission android:name="android.permission.ACCESS_NETWORK_STATE" />
11-->src/main/AndroidManifest.xml:5:5-79
11-->src/main/AndroidManifest.xml:5:22-76
12    <uses-permission android:name="android.permission.INTERNET" />
12-->src/main/AndroidManifest.xml:6:5-67
12-->src/main/AndroidManifest.xml:6:22-64
13    <uses-permission
13-->src/main/AndroidManifest.xml:7:5-8:40
14        android:name="android.permission.READ_EXTERNAL_STORAGE"
14-->src/main/AndroidManifest.xml:7:22-77
15        android:maxSdkVersion="32" />
15-->[io.github.ParkSangGwon:tedimagepicker:1.4.2] AndroidManifest.xml:13:9-35
16    <uses-permission android:name="android.permission.CALL_PHONE" />
16-->src/main/AndroidManifest.xml:9:5-10:71
16-->src/main/AndroidManifest.xml:9:22-66
17    <uses-permission
17-->src/main/AndroidManifest.xml:11:5-13:40
18        android:name="android.permission.WRITE_EXTERNAL_STORAGE"
18-->src/main/AndroidManifest.xml:12:9-65
19        android:maxSdkVersion="28" />
19-->[io.github.ParkSangGwon:tedimagepicker:1.4.2] AndroidManifest.xml:16:9-35
20    <uses-permission android:name="android.permission.READ_MEDIA_IMAGES" />
20-->[io.github.ParkSangGwon:tedimagepicker:1.4.2] AndroidManifest.xml:9:5-76
20-->[io.github.ParkSangGwon:tedimagepicker:1.4.2] AndroidManifest.xml:9:22-73
21    <uses-permission android:name="android.permission.READ_MEDIA_VIDEO" />
21-->[io.github.ParkSangGwon:tedimagepicker:1.4.2] AndroidManifest.xml:10:5-75
21-->[io.github.ParkSangGwon:tedimagepicker:1.4.2] AndroidManifest.xml:10:22-72
22
23    <queries>
23-->[io.github.ParkSangGwon:tedimagepicker:1.4.2] AndroidManifest.xml:18:5-25:15
24        <intent>
24-->[io.github.ParkSangGwon:tedimagepicker:1.4.2] AndroidManifest.xml:19:9-21:18
25            <action android:name="android.media.action.IMAGE_CAPTURE" />
25-->[io.github.ParkSangGwon:tedimagepicker:1.4.2] AndroidManifest.xml:20:13-73
25-->[io.github.ParkSangGwon:tedimagepicker:1.4.2] AndroidManifest.xml:20:21-70
26        </intent>
27        <intent>
27-->[io.github.ParkSangGwon:tedimagepicker:1.4.2] AndroidManifest.xml:22:9-24:18
28            <action android:name="android.media.action.VIDEO_CAPTURE" />
28-->[io.github.ParkSangGwon:tedimagepicker:1.4.2] AndroidManifest.xml:23:13-73
28-->[io.github.ParkSangGwon:tedimagepicker:1.4.2] AndroidManifest.xml:23:21-70
29        </intent>
30    </queries>
31
32    <permission
32-->[androidx.core:core:1.9.0] AndroidManifest.xml:22:5-24:47
33        android:name="product.truckkz.DYNAMIC_RECEIVER_NOT_EXPORTED_PERMISSION"
33-->[androidx.core:core:1.9.0] AndroidManifest.xml:23:9-81
34        android:protectionLevel="signature" />
34-->[androidx.core:core:1.9.0] AndroidManifest.xml:24:9-44
35
36    <uses-permission android:name="product.truckkz.DYNAMIC_RECEIVER_NOT_EXPORTED_PERMISSION" />
36-->[androidx.core:core:1.9.0] AndroidManifest.xml:26:5-97
36-->[androidx.core:core:1.9.0] AndroidManifest.xml:26:22-94
37
38    <application
38-->src/main/AndroidManifest.xml:15:5-65:19
39        android:allowBackup="true"
39-->src/main/AndroidManifest.xml:16:9-35
40        android:appComponentFactory="androidx.core.app.CoreComponentFactory"
40-->[androidx.core:core:1.9.0] AndroidManifest.xml:28:18-86
41        android:dataExtractionRules="@xml/data_extraction_rules"
41-->src/main/AndroidManifest.xml:17:9-65
42        android:debuggable="true"
43        android:fullBackupContent="@xml/backup_rules"
43-->src/main/AndroidManifest.xml:18:9-54
44        android:icon="@mipmap/ic_launcher"
44-->src/main/AndroidManifest.xml:19:9-43
45        android:label="@string/app_name"
45-->src/main/AndroidManifest.xml:20:9-41
46        android:requestLegacyExternalStorage="true"
46-->src/main/AndroidManifest.xml:21:9-52
47        android:roundIcon="@mipmap/ic_launcher_round"
47-->src/main/AndroidManifest.xml:22:9-54
48        android:supportsRtl="true"
48-->src/main/AndroidManifest.xml:23:9-35
49        android:testOnly="true"
50        android:theme="@style/Theme.Rentit" >
50-->src/main/AndroidManifest.xml:24:9-44
51        <activity
51-->src/main/AndroidManifest.xml:26:9-33:20
52            android:name="product.truckkz.windows.newCreateProduct.CreateActivity"
52-->src/main/AndroidManifest.xml:27:13-68
53            android:exported="false"
53-->src/main/AndroidManifest.xml:29:13-37
54            android:windowSoftInputMode="adjustPan|stateAlwaysHidden" >
54-->src/main/AndroidManifest.xml:28:13-70
55            <meta-data
55-->src/main/AndroidManifest.xml:30:13-32:36
56                android:name="android.app.lib_name"
56-->src/main/AndroidManifest.xml:31:17-52
57                android:value="" />
57-->src/main/AndroidManifest.xml:32:17-33
58        </activity>
59        <activity
59-->src/main/AndroidManifest.xml:34:9-40:20
60            android:name="product.truckkz.windows.home.showImage.ShowImageActivity"
60-->src/main/AndroidManifest.xml:35:13-69
61            android:exported="false" >
61-->src/main/AndroidManifest.xml:36:13-37
62            <meta-data
62-->src/main/AndroidManifest.xml:30:13-32:36
63                android:name="android.app.lib_name"
63-->src/main/AndroidManifest.xml:31:17-52
64                android:value="" />
64-->src/main/AndroidManifest.xml:32:17-33
65        </activity>
66        <activity
66-->src/main/AndroidManifest.xml:41:9-47:20
67            android:name="product.truckkz.windows.refresh.RefreshActivity"
67-->src/main/AndroidManifest.xml:42:13-60
68            android:exported="false" >
68-->src/main/AndroidManifest.xml:43:13-37
69            <meta-data
69-->src/main/AndroidManifest.xml:30:13-32:36
70                android:name="android.app.lib_name"
70-->src/main/AndroidManifest.xml:31:17-52
71                android:value="" />
71-->src/main/AndroidManifest.xml:32:17-33
72        </activity>
73        <activity
73-->src/main/AndroidManifest.xml:48:9-60:20
74            android:name="product.truckkz.MainActivity"
74-->src/main/AndroidManifest.xml:49:13-56
75            android:exported="true" >
75-->src/main/AndroidManifest.xml:50:13-36
76            <intent-filter>
76-->src/main/AndroidManifest.xml:51:13-55:29
77                <action android:name="android.intent.action.MAIN" />
77-->src/main/AndroidManifest.xml:52:17-69
77-->src/main/AndroidManifest.xml:52:25-66
78
79                <category android:name="android.intent.category.LAUNCHER" />
79-->src/main/AndroidManifest.xml:54:17-77
79-->src/main/AndroidManifest.xml:54:27-74
80            </intent-filter>
81
82            <meta-data
82-->src/main/AndroidManifest.xml:30:13-32:36
83                android:name="android.app.lib_name"
83-->src/main/AndroidManifest.xml:31:17-52
84                android:value="" />
84-->src/main/AndroidManifest.xml:32:17-33
85        </activity>
86
87        <meta-data
87-->src/main/AndroidManifest.xml:62:9-64:57
88            android:name="preloaded_fonts"
88-->src/main/AndroidManifest.xml:63:13-43
89            android:resource="@array/preloaded_fonts" />
89-->src/main/AndroidManifest.xml:64:13-54
90
91        <activity
91-->[io.github.ParkSangGwon:tedimagepicker:1.4.2] AndroidManifest.xml:28:9-30:58
92            android:name="gun0912.tedimagepicker.TedImagePickerActivity"
92-->[io.github.ParkSangGwon:tedimagepicker:1.4.2] AndroidManifest.xml:29:13-73
93            android:theme="@style/TedImagePickerTheme" />
93-->[io.github.ParkSangGwon:tedimagepicker:1.4.2] AndroidManifest.xml:30:13-55
94        <activity
94-->[io.github.ParkSangGwon:tedimagepicker:1.4.2] AndroidManifest.xml:31:9-33:63
95            android:name="gun0912.tedimagepicker.zoom.TedImageZoomActivity"
95-->[io.github.ParkSangGwon:tedimagepicker:1.4.2] AndroidManifest.xml:32:13-76
96            android:theme="@style/TedImagePickerTheme.Zoom" />
96-->[io.github.ParkSangGwon:tedimagepicker:1.4.2] AndroidManifest.xml:33:13-60
97
98        <provider
98-->[io.github.ParkSangGwon:tedimagepicker:1.4.2] AndroidManifest.xml:35:9-38:40
99            android:name="gun0912.tedimagepicker.util.TedImagePickerContentProvider"
99-->[io.github.ParkSangGwon:tedimagepicker:1.4.2] AndroidManifest.xml:36:13-85
100            android:authorities="product.truckkz.tedimagepicker.provider"
100-->[io.github.ParkSangGwon:tedimagepicker:1.4.2] AndroidManifest.xml:37:13-75
101            android:exported="false" />
101-->[io.github.ParkSangGwon:tedimagepicker:1.4.2] AndroidManifest.xml:38:13-37
102        <provider
102-->[io.github.ParkSangGwon:tedimagepicker:1.4.2] AndroidManifest.xml:39:9-47:20
103            android:name="androidx.core.content.FileProvider"
103-->[io.github.ParkSangGwon:tedimagepicker:1.4.2] AndroidManifest.xml:40:13-62
104            android:authorities="product.truckkz.provider"
104-->[io.github.ParkSangGwon:tedimagepicker:1.4.2] AndroidManifest.xml:41:13-60
105            android:exported="false"
105-->[io.github.ParkSangGwon:tedimagepicker:1.4.2] AndroidManifest.xml:42:13-37
106            android:grantUriPermissions="true" >
106-->[io.github.ParkSangGwon:tedimagepicker:1.4.2] AndroidManifest.xml:43:13-47
107            <meta-data
107-->[io.github.ParkSangGwon:tedimagepicker:1.4.2] AndroidManifest.xml:44:13-46:58
108                android:name="android.support.FILE_PROVIDER_PATHS"
108-->[io.github.ParkSangGwon:tedimagepicker:1.4.2] AndroidManifest.xml:45:17-67
109                android:resource="@xml/provider_paths" />
109-->[io.github.ParkSangGwon:tedimagepicker:1.4.2] AndroidManifest.xml:46:17-55
110        </provider>
111
112        <activity
112-->[io.github.ParkSangGwon:tedpermission:3.3.0] AndroidManifest.xml:10:9-14:67
113            android:name="com.gun0912.tedpermission.TedPermissionActivity"
113-->[io.github.ParkSangGwon:tedpermission:3.3.0] AndroidManifest.xml:11:13-75
114            android:configChanges="mcc|mnc|locale|keyboard|keyboardHidden|screenLayout|fontScale|uiMode|orientation|screenSize|layoutDirection"
114-->[io.github.ParkSangGwon:tedpermission:3.3.0] AndroidManifest.xml:12:13-144
115            android:screenOrientation="unspecified"
115-->[io.github.ParkSangGwon:tedpermission:3.3.0] AndroidManifest.xml:13:13-52
116            android:theme="@style/Theme.Transparent.Permission" />
116-->[io.github.ParkSangGwon:tedpermission:3.3.0] AndroidManifest.xml:14:13-64
117
118        <provider
118-->[io.github.ParkSangGwon:tedpermission:3.3.0] AndroidManifest.xml:16:9-19:40
119            android:name="com.gun0912.tedpermission.provider.TedPermissionProvider"
119-->[io.github.ParkSangGwon:tedpermission:3.3.0] AndroidManifest.xml:17:13-84
120            android:authorities="product.truckkz.tedpermissionprovider"
120-->[io.github.ParkSangGwon:tedpermission:3.3.0] AndroidManifest.xml:18:13-73
121            android:exported="false" />
121-->[io.github.ParkSangGwon:tedpermission:3.3.0] AndroidManifest.xml:19:13-37
122
123        <activity
123-->[io.github.ParkSangGwon:tedonactivityresult:1.0.10] AndroidManifest.xml:10:9-14:67
124            android:name="com.gun0912.tedonactivityresult.ProxyActivity"
124-->[io.github.ParkSangGwon:tedonactivityresult:1.0.10] AndroidManifest.xml:11:13-73
125            android:configChanges="mcc|mnc|locale|keyboard|keyboardHidden|screenLayout|fontScale|uiMode|orientation|screenSize|layoutDirection"
125-->[io.github.ParkSangGwon:tedonactivityresult:1.0.10] AndroidManifest.xml:12:13-144
126            android:screenOrientation="unspecified"
126-->[io.github.ParkSangGwon:tedonactivityresult:1.0.10] AndroidManifest.xml:13:13-52
127            android:theme="@style/Theme.AppCompat.Light.Dialog" />
127-->[io.github.ParkSangGwon:tedonactivityresult:1.0.10] AndroidManifest.xml:14:13-64
128        <activity
128-->[com.google.android.gms:play-services-auth:20.5.0] AndroidManifest.xml:23:9-27:75
129            android:name="com.google.android.gms.auth.api.signin.internal.SignInHubActivity"
129-->[com.google.android.gms:play-services-auth:20.5.0] AndroidManifest.xml:24:13-93
130            android:excludeFromRecents="true"
130-->[com.google.android.gms:play-services-auth:20.5.0] AndroidManifest.xml:25:13-46
131            android:exported="false"
131-->[com.google.android.gms:play-services-auth:20.5.0] AndroidManifest.xml:26:13-37
132            android:theme="@android:style/Theme.Translucent.NoTitleBar" />
132-->[com.google.android.gms:play-services-auth:20.5.0] AndroidManifest.xml:27:13-72
133        <!--
134            Service handling Google Sign-In user revocation. For apps that do not integrate with
135            Google Sign-In, this service will never be started.
136        -->
137        <service
137-->[com.google.android.gms:play-services-auth:20.5.0] AndroidManifest.xml:33:9-37:51
138            android:name="com.google.android.gms.auth.api.signin.RevocationBoundService"
138-->[com.google.android.gms:play-services-auth:20.5.0] AndroidManifest.xml:34:13-89
139            android:exported="true"
139-->[com.google.android.gms:play-services-auth:20.5.0] AndroidManifest.xml:35:13-36
140            android:permission="com.google.android.gms.auth.api.signin.permission.REVOCATION_NOTIFICATION"
140-->[com.google.android.gms:play-services-auth:20.5.0] AndroidManifest.xml:36:13-107
141            android:visibleToInstantApps="true" />
141-->[com.google.android.gms:play-services-auth:20.5.0] AndroidManifest.xml:37:13-48
142
143        <activity
143-->[com.google.android.gms:play-services-base:18.0.1] AndroidManifest.xml:20:9-22:45
144            android:name="com.google.android.gms.common.api.GoogleApiActivity"
144-->[com.google.android.gms:play-services-base:18.0.1] AndroidManifest.xml:20:19-85
145            android:exported="false"
145-->[com.google.android.gms:play-services-base:18.0.1] AndroidManifest.xml:22:19-43
146            android:theme="@android:style/Theme.Translucent.NoTitleBar" />
146-->[com.google.android.gms:play-services-base:18.0.1] AndroidManifest.xml:21:19-78
147
148        <meta-data
148-->[com.google.android.gms:play-services-basement:18.2.0] AndroidManifest.xml:21:9-23:69
149            android:name="com.google.android.gms.version"
149-->[com.google.android.gms:play-services-basement:18.2.0] AndroidManifest.xml:22:13-58
150            android:value="@integer/google_play_services_version" />
150-->[com.google.android.gms:play-services-basement:18.2.0] AndroidManifest.xml:23:13-66
151
152        <provider
152-->[androidx.emoji2:emoji2:1.2.0] AndroidManifest.xml:24:9-32:20
153            android:name="androidx.startup.InitializationProvider"
153-->[androidx.emoji2:emoji2:1.2.0] AndroidManifest.xml:25:13-67
154            android:authorities="product.truckkz.androidx-startup"
154-->[androidx.emoji2:emoji2:1.2.0] AndroidManifest.xml:26:13-68
155            android:exported="false" >
155-->[androidx.emoji2:emoji2:1.2.0] AndroidManifest.xml:27:13-37
156            <meta-data
156-->[androidx.emoji2:emoji2:1.2.0] AndroidManifest.xml:29:13-31:52
157                android:name="androidx.emoji2.text.EmojiCompatInitializer"
157-->[androidx.emoji2:emoji2:1.2.0] AndroidManifest.xml:30:17-75
158                android:value="androidx.startup" />
158-->[androidx.emoji2:emoji2:1.2.0] AndroidManifest.xml:31:17-49
159            <meta-data
159-->[androidx.lifecycle:lifecycle-process:2.6.1] AndroidManifest.xml:29:13-31:52
160                android:name="androidx.lifecycle.ProcessLifecycleInitializer"
160-->[androidx.lifecycle:lifecycle-process:2.6.1] AndroidManifest.xml:30:17-78
161                android:value="androidx.startup" />
161-->[androidx.lifecycle:lifecycle-process:2.6.1] AndroidManifest.xml:31:17-49
162            <meta-data
162-->[androidx.profileinstaller:profileinstaller:1.3.0] AndroidManifest.xml:29:13-31:52
163                android:name="androidx.profileinstaller.ProfileInstallerInitializer"
163-->[androidx.profileinstaller:profileinstaller:1.3.0] AndroidManifest.xml:30:17-85
164                android:value="androidx.startup" />
164-->[androidx.profileinstaller:profileinstaller:1.3.0] AndroidManifest.xml:31:17-49
165        </provider>
166
167        <uses-library
167-->[androidx.window:window:1.0.0] AndroidManifest.xml:25:9-27:40
168            android:name="androidx.window.extensions"
168-->[androidx.window:window:1.0.0] AndroidManifest.xml:26:13-54
169            android:required="false" />
169-->[androidx.window:window:1.0.0] AndroidManifest.xml:27:13-37
170        <uses-library
170-->[androidx.window:window:1.0.0] AndroidManifest.xml:28:9-30:40
171            android:name="androidx.window.sidecar"
171-->[androidx.window:window:1.0.0] AndroidManifest.xml:29:13-51
172            android:required="false" />
172-->[androidx.window:window:1.0.0] AndroidManifest.xml:30:13-37
173
174        <receiver
174-->[androidx.profileinstaller:profileinstaller:1.3.0] AndroidManifest.xml:34:9-52:20
175            android:name="androidx.profileinstaller.ProfileInstallReceiver"
175-->[androidx.profileinstaller:profileinstaller:1.3.0] AndroidManifest.xml:35:13-76
176            android:directBootAware="false"
176-->[androidx.profileinstaller:profileinstaller:1.3.0] AndroidManifest.xml:36:13-44
177            android:enabled="true"
177-->[androidx.profileinstaller:profileinstaller:1.3.0] AndroidManifest.xml:37:13-35
178            android:exported="true"
178-->[androidx.profileinstaller:profileinstaller:1.3.0] AndroidManifest.xml:38:13-36
179            android:permission="android.permission.DUMP" >
179-->[androidx.profileinstaller:profileinstaller:1.3.0] AndroidManifest.xml:39:13-57
180            <intent-filter>
180-->[androidx.profileinstaller:profileinstaller:1.3.0] AndroidManifest.xml:40:13-42:29
181                <action android:name="androidx.profileinstaller.action.INSTALL_PROFILE" />
181-->[androidx.profileinstaller:profileinstaller:1.3.0] AndroidManifest.xml:41:17-91
181-->[androidx.profileinstaller:profileinstaller:1.3.0] AndroidManifest.xml:41:25-88
182            </intent-filter>
183            <intent-filter>
183-->[androidx.profileinstaller:profileinstaller:1.3.0] AndroidManifest.xml:43:13-45:29
184                <action android:name="androidx.profileinstaller.action.SKIP_FILE" />
184-->[androidx.profileinstaller:profileinstaller:1.3.0] AndroidManifest.xml:44:17-85
184-->[androidx.profileinstaller:profileinstaller:1.3.0] AndroidManifest.xml:44:25-82
185            </intent-filter>
186            <intent-filter>
186-->[androidx.profileinstaller:profileinstaller:1.3.0] AndroidManifest.xml:46:13-48:29
187                <action android:name="androidx.profileinstaller.action.SAVE_PROFILE" />
187-->[androidx.profileinstaller:profileinstaller:1.3.0] AndroidManifest.xml:47:17-88
187-->[androidx.profileinstaller:profileinstaller:1.3.0] AndroidManifest.xml:47:25-85
188            </intent-filter>
189            <intent-filter>
189-->[androidx.profileinstaller:profileinstaller:1.3.0] AndroidManifest.xml:49:13-51:29
190                <action android:name="androidx.profileinstaller.action.BENCHMARK_OPERATION" />
190-->[androidx.profileinstaller:profileinstaller:1.3.0] AndroidManifest.xml:50:17-95
190-->[androidx.profileinstaller:profileinstaller:1.3.0] AndroidManifest.xml:50:25-92
191            </intent-filter>
192        </receiver>
193    </application>
194
195</manifest>